<?xml version="1.0" encoding="UTF-8"?>
<testsuite name="com.example.project.CrudControllerTest" time="0.772" tests="6" errors="0" skipped="0" failures="0">
  <properties>
[...]
</properties>
  <testcase name="testCreateOrder" classname="com.example.project.CrudControllerTest" time="0.762"/>
  <testcase name="testCreateProduct" classname="com.example.project.CrudControllerTest" time="0.001"/>
  <testcase name="testGetAllCustomers" classname="com.example.project.CrudControllerTest" time="0.003"/>
  <testcase name="testCreateCustomer" classname="com.example.project.CrudControllerTest" time="0.002"/>
  <testcase name="testGetAllOrders" classname="com.example.project.CrudControllerTest" time="0.003"/>
  <testcase name="testGetAllProducts" classname="com.example.project.CrudControllerTest" time="0.001"/>
</testsuite>